[2021-04-06 18:38:46,460] {scheduler_job.py:182} INFO - Started process (PID=36) to work on /opt/airflow/dags/classic.py
[2021-04-06 18:38:46,490] {scheduler_job.py:633} INFO - Processing file /opt/airflow/dags/classic.py for tasks to queue
[2021-04-06 18:38:46,502] {logging_mixin.py:104} INFO - [2021-04-06 18:38:46,502] {dagbag.py:451} INFO - Filling up the DagBag from /opt/airflow/dags/classic.py
[2021-04-06 18:38:46,992] {scheduler_job.py:643} INFO - DAG(s) dict_keys(['classic_dag']) retrieved from /opt/airflow/dags/classic.py
[2021-04-06 18:38:47,267] {logging_mixin.py:104} INFO - [2021-04-06 18:38:47,267] {dag.py:1824} INFO - Sync 1 DAGs
[2021-04-06 18:38:47,459] {logging_mixin.py:104} INFO - [2021-04-06 18:38:47,445] {dag.py:1843} INFO - Creating ORM DAG for classic_dag
[2021-04-06 18:38:47,794] {logging_mixin.py:104} INFO - [2021-04-06 18:38:47,794] {dag.py:2279} INFO - Setting next_dagrun for classic_dag to 2021-04-05 00:00:00+00:00
[2021-04-06 18:38:47,980] {scheduler_job.py:190} INFO - Processing /opt/airflow/dags/classic.py took 1.561 seconds
[2021-04-06 18:39:19,036] {scheduler_job.py:182} INFO - Started process (PID=84) to work on /opt/airflow/dags/classic.py
[2021-04-06 18:39:19,053] {scheduler_job.py:633} INFO - Processing file /opt/airflow/dags/classic.py for tasks to queue
[2021-04-06 18:39:19,062] {logging_mixin.py:104} INFO - [2021-04-06 18:39:19,062] {dagbag.py:451} INFO - Filling up the DagBag from /opt/airflow/dags/classic.py
[2021-04-06 18:39:20,594] {scheduler_job.py:643} INFO - DAG(s) dict_keys(['classic_dag']) retrieved from /opt/airflow/dags/classic.py
[2021-04-06 18:39:20,883] {logging_mixin.py:104} INFO - [2021-04-06 18:39:20,883] {dag.py:1824} INFO - Sync 1 DAGs
[2021-04-06 18:39:21,458] {logging_mixin.py:104} INFO - [2021-04-06 18:39:21,458] {dag.py:2279} INFO - Setting next_dagrun for classic_dag to 2021-04-05 00:00:00+00:00
[2021-04-06 18:39:21,584] {scheduler_job.py:190} INFO - Processing /opt/airflow/dags/classic.py took 2.615 seconds
[2021-04-06 18:39:52,737] {scheduler_job.py:182} INFO - Started process (PID=132) to work on /opt/airflow/dags/classic.py
[2021-04-06 18:39:52,746] {scheduler_job.py:633} INFO - Processing file /opt/airflow/dags/classic.py for tasks to queue
[2021-04-06 18:39:52,750] {logging_mixin.py:104} INFO - [2021-04-06 18:39:52,750] {dagbag.py:451} INFO - Filling up the DagBag from /opt/airflow/dags/classic.py
[2021-04-06 18:39:53,149] {scheduler_job.py:643} INFO - DAG(s) dict_keys(['classic_dag']) retrieved from /opt/airflow/dags/classic.py
[2021-04-06 18:39:53,404] {logging_mixin.py:104} INFO - [2021-04-06 18:39:53,404] {dag.py:1824} INFO - Sync 1 DAGs
[2021-04-06 18:39:53,767] {logging_mixin.py:104} INFO - [2021-04-06 18:39:53,767] {dag.py:2279} INFO - Setting next_dagrun for classic_dag to 2021-04-05 00:00:00+00:00
[2021-04-06 18:39:53,866] {scheduler_job.py:190} INFO - Processing /opt/airflow/dags/classic.py took 1.163 seconds
[2021-04-06 18:40:24,183] {scheduler_job.py:182} INFO - Started process (PID=176) to work on /opt/airflow/dags/classic.py
[2021-04-06 18:40:24,188] {scheduler_job.py:633} INFO - Processing file /opt/airflow/dags/classic.py for tasks to queue
[2021-04-06 18:40:24,200] {logging_mixin.py:104} INFO - [2021-04-06 18:40:24,200] {dagbag.py:451} INFO - Filling up the DagBag from /opt/airflow/dags/classic.py
[2021-04-06 18:40:24,528] {scheduler_job.py:643} INFO - DAG(s) dict_keys(['classic_dag']) retrieved from /opt/airflow/dags/classic.py
[2021-04-06 18:40:24,649] {logging_mixin.py:104} INFO - [2021-04-06 18:40:24,649] {dag.py:1824} INFO - Sync 1 DAGs
[2021-04-06 18:40:24,828] {logging_mixin.py:104} INFO - [2021-04-06 18:40:24,828] {dag.py:2279} INFO - Setting next_dagrun for classic_dag to 2021-04-05 00:00:00+00:00
[2021-04-06 18:40:24,901] {scheduler_job.py:190} INFO - Processing /opt/airflow/dags/classic.py took 0.759 seconds
[2021-04-06 18:40:55,071] {scheduler_job.py:182} INFO - Started process (PID=226) to work on /opt/airflow/dags/classic.py
[2021-04-06 18:40:55,074] {scheduler_job.py:633} INFO - Processing file /opt/airflow/dags/classic.py for tasks to queue
[2021-04-06 18:40:55,078] {logging_mixin.py:104} INFO - [2021-04-06 18:40:55,078] {dagbag.py:451} INFO - Filling up the DagBag from /opt/airflow/dags/classic.py
[2021-04-06 18:40:55,157] {scheduler_job.py:643} INFO - DAG(s) dict_keys(['classic_dag']) retrieved from /opt/airflow/dags/classic.py
[2021-04-06 18:40:55,218] {logging_mixin.py:104} INFO - [2021-04-06 18:40:55,218] {dag.py:1824} INFO - Sync 1 DAGs
[2021-04-06 18:40:55,275] {logging_mixin.py:104} INFO - [2021-04-06 18:40:55,275] {dag.py:2279} INFO - Setting next_dagrun for classic_dag to 2021-04-05 00:00:00+00:00
[2021-04-06 18:40:55,335] {scheduler_job.py:190} INFO - Processing /opt/airflow/dags/classic.py took 0.270 seconds
[2021-04-06 18:41:25,456] {scheduler_job.py:182} INFO - Started process (PID=275) to work on /opt/airflow/dags/classic.py
[2021-04-06 18:41:25,466] {scheduler_job.py:633} INFO - Processing file /opt/airflow/dags/classic.py for tasks to queue
[2021-04-06 18:41:25,471] {logging_mixin.py:104} INFO - [2021-04-06 18:41:25,470] {dagbag.py:451} INFO - Filling up the DagBag from /opt/airflow/dags/classic.py
[2021-04-06 18:41:25,591] {scheduler_job.py:643} INFO - DAG(s) dict_keys(['classic_dag']) retrieved from /opt/airflow/dags/classic.py
[2021-04-06 18:41:25,677] {logging_mixin.py:104} INFO - [2021-04-06 18:41:25,676] {dag.py:1824} INFO - Sync 1 DAGs
[2021-04-06 18:41:25,844] {logging_mixin.py:104} INFO - [2021-04-06 18:41:25,844] {dag.py:2279} INFO - Setting next_dagrun for classic_dag to 2021-04-05 00:00:00+00:00
[2021-04-06 18:41:25,921] {scheduler_job.py:190} INFO - Processing /opt/airflow/dags/classic.py took 0.476 seconds
[2021-04-06 18:41:56,145] {scheduler_job.py:182} INFO - Started process (PID=318) to work on /opt/airflow/dags/classic.py
[2021-04-06 18:41:56,153] {scheduler_job.py:633} INFO - Processing file /opt/airflow/dags/classic.py for tasks to queue
[2021-04-06 18:41:56,156] {logging_mixin.py:104} INFO - [2021-04-06 18:41:56,156] {dagbag.py:451} INFO - Filling up the DagBag from /opt/airflow/dags/classic.py
[2021-04-06 18:41:56,227] {scheduler_job.py:643} INFO - DAG(s) dict_keys(['classic_dag']) retrieved from /opt/airflow/dags/classic.py
[2021-04-06 18:41:56,271] {logging_mixin.py:104} INFO - [2021-04-06 18:41:56,271] {dag.py:1824} INFO - Sync 1 DAGs
[2021-04-06 18:41:56,317] {logging_mixin.py:104} INFO - [2021-04-06 18:41:56,317] {dag.py:2279} INFO - Setting next_dagrun for classic_dag to 2021-04-05 00:00:00+00:00
[2021-04-06 18:41:56,339] {scheduler_job.py:190} INFO - Processing /opt/airflow/dags/classic.py took 0.210 seconds
[2021-04-06 18:42:27,294] {scheduler_job.py:182} INFO - Started process (PID=371) to work on /opt/airflow/dags/classic.py
[2021-04-06 18:42:27,307] {scheduler_job.py:633} INFO - Processing file /opt/airflow/dags/classic.py for tasks to queue
[2021-04-06 18:42:27,319] {logging_mixin.py:104} INFO - [2021-04-06 18:42:27,319] {dagbag.py:451} INFO - Filling up the DagBag from /opt/airflow/dags/classic.py
[2021-04-06 18:42:27,836] {scheduler_job.py:643} INFO - DAG(s) dict_keys(['classic_dag']) retrieved from /opt/airflow/dags/classic.py
[2021-04-06 18:42:28,042] {logging_mixin.py:104} INFO - [2021-04-06 18:42:28,042] {dag.py:1824} INFO - Sync 1 DAGs
[2021-04-06 18:42:28,365] {logging_mixin.py:104} INFO - [2021-04-06 18:42:28,365] {dag.py:2279} INFO - Setting next_dagrun for classic_dag to 2021-04-05 00:00:00+00:00
[2021-04-06 18:42:28,435] {scheduler_job.py:190} INFO - Processing /opt/airflow/dags/classic.py took 1.162 seconds
[2021-04-06 18:42:53,662] {scheduler_job.py:182} INFO - Started process (PID=419) to work on /opt/airflow/dags/classic.py
[2021-04-06 18:42:53,681] {scheduler_job.py:633} INFO - Processing file /opt/airflow/dags/classic.py for tasks to queue
[2021-04-06 18:42:53,690] {logging_mixin.py:104} INFO - [2021-04-06 18:42:53,687] {dagbag.py:451} INFO - Filling up the DagBag from /opt/airflow/dags/classic.py
[2021-04-06 18:42:53,813] {scheduler_job.py:643} INFO - DAG(s) dict_keys(['classic_dag']) retrieved from /opt/airflow/dags/classic.py
[2021-04-06 18:42:53,863] {logging_mixin.py:104} INFO - [2021-04-06 18:42:53,863] {dag.py:1824} INFO - Sync 1 DAGs
[2021-04-06 18:42:53,919] {logging_mixin.py:104} INFO - [2021-04-06 18:42:53,919] {dag.py:2279} INFO - Setting next_dagrun for classic_dag to 2021-04-05 00:00:00+00:00
[2021-04-06 18:42:53,947] {scheduler_job.py:190} INFO - Processing /opt/airflow/dags/classic.py took 0.304 seconds
[2021-04-06 18:43:24,304] {scheduler_job.py:182} INFO - Started process (PID=469) to work on /opt/airflow/dags/classic.py
[2021-04-06 18:43:24,307] {scheduler_job.py:633} INFO - Processing file /opt/airflow/dags/classic.py for tasks to queue
[2021-04-06 18:43:24,311] {logging_mixin.py:104} INFO - [2021-04-06 18:43:24,311] {dagbag.py:451} INFO - Filling up the DagBag from /opt/airflow/dags/classic.py
[2021-04-06 18:43:24,433] {scheduler_job.py:643} INFO - DAG(s) dict_keys(['classic_dag']) retrieved from /opt/airflow/dags/classic.py
[2021-04-06 18:43:24,506] {logging_mixin.py:104} INFO - [2021-04-06 18:43:24,506] {dag.py:1824} INFO - Sync 1 DAGs
[2021-04-06 18:43:24,601] {logging_mixin.py:104} INFO - [2021-04-06 18:43:24,601] {dag.py:2279} INFO - Setting next_dagrun for classic_dag to 2021-04-05 00:00:00+00:00
[2021-04-06 18:43:24,673] {scheduler_job.py:190} INFO - Processing /opt/airflow/dags/classic.py took 0.395 seconds
[2021-04-06 18:45:58,763] {scheduler_job.py:182} INFO - Started process (PID=36) to work on /opt/airflow/dags/classic.py
[2021-04-06 18:45:58,768] {scheduler_job.py:633} INFO - Processing file /opt/airflow/dags/classic.py for tasks to queue
[2021-04-06 18:45:58,785] {logging_mixin.py:104} INFO - [2021-04-06 18:45:58,785] {dagbag.py:451} INFO - Filling up the DagBag from /opt/airflow/dags/classic.py
[2021-04-06 18:45:59,140] {scheduler_job.py:643} INFO - DAG(s) dict_keys(['classic_dag']) retrieved from /opt/airflow/dags/classic.py
[2021-04-06 18:45:59,285] {logging_mixin.py:104} INFO - [2021-04-06 18:45:59,284] {dag.py:1824} INFO - Sync 1 DAGs
[2021-04-06 18:45:59,562] {logging_mixin.py:104} INFO - [2021-04-06 18:45:59,562] {dag.py:2279} INFO - Setting next_dagrun for classic_dag to 2021-04-05 00:00:00+00:00
[2021-04-06 18:45:59,716] {scheduler_job.py:190} INFO - Processing /opt/airflow/dags/classic.py took 0.997 seconds
[2021-04-06 18:46:31,154] {scheduler_job.py:182} INFO - Started process (PID=87) to work on /opt/airflow/dags/classic.py
[2021-04-06 18:46:31,169] {scheduler_job.py:633} INFO - Processing file /opt/airflow/dags/classic.py for tasks to queue
[2021-04-06 18:46:31,191] {logging_mixin.py:104} INFO - [2021-04-06 18:46:31,191] {dagbag.py:451} INFO - Filling up the DagBag from /opt/airflow/dags/classic.py
[2021-04-06 18:46:32,224] {scheduler_job.py:643} INFO - DAG(s) dict_keys(['classic_dag']) retrieved from /opt/airflow/dags/classic.py
[2021-04-06 18:46:32,635] {logging_mixin.py:104} INFO - [2021-04-06 18:46:32,635] {dag.py:1824} INFO - Sync 1 DAGs
[2021-04-06 18:46:33,027] {logging_mixin.py:104} INFO - [2021-04-06 18:46:33,026] {dag.py:2279} INFO - Setting next_dagrun for classic_dag to 2021-04-05 00:00:00+00:00
[2021-04-06 18:46:33,136] {scheduler_job.py:190} INFO - Processing /opt/airflow/dags/classic.py took 2.096 seconds
[2021-04-06 18:47:03,788] {scheduler_job.py:182} INFO - Started process (PID=135) to work on /opt/airflow/dags/classic.py
[2021-04-06 18:47:03,802] {scheduler_job.py:633} INFO - Processing file /opt/airflow/dags/classic.py for tasks to queue
[2021-04-06 18:47:03,819] {logging_mixin.py:104} INFO - [2021-04-06 18:47:03,816] {dagbag.py:451} INFO - Filling up the DagBag from /opt/airflow/dags/classic.py
[2021-04-06 18:47:03,996] {scheduler_job.py:643} INFO - DAG(s) dict_keys(['classic_dag']) retrieved from /opt/airflow/dags/classic.py
[2021-04-06 18:47:04,141] {logging_mixin.py:104} INFO - [2021-04-06 18:47:04,140] {dag.py:1824} INFO - Sync 1 DAGs
[2021-04-06 18:47:04,367] {logging_mixin.py:104} INFO - [2021-04-06 18:47:04,367] {dag.py:2279} INFO - Setting next_dagrun for classic_dag to 2021-04-05 00:00:00+00:00
[2021-04-06 18:47:04,443] {scheduler_job.py:190} INFO - Processing /opt/airflow/dags/classic.py took 0.685 seconds
[2021-04-06 18:47:35,036] {scheduler_job.py:182} INFO - Started process (PID=175) to work on /opt/airflow/dags/classic.py
[2021-04-06 18:47:35,055] {scheduler_job.py:633} INFO - Processing file /opt/airflow/dags/classic.py for tasks to queue
[2021-04-06 18:47:35,062] {logging_mixin.py:104} INFO - [2021-04-06 18:47:35,062] {dagbag.py:451} INFO - Filling up the DagBag from /opt/airflow/dags/classic.py
[2021-04-06 18:47:35,625] {scheduler_job.py:643} INFO - DAG(s) dict_keys(['classic_dag']) retrieved from /opt/airflow/dags/classic.py
[2021-04-06 18:47:35,963] {logging_mixin.py:104} INFO - [2021-04-06 18:47:35,963] {dag.py:1824} INFO - Sync 1 DAGs
[2021-04-06 18:47:36,239] {logging_mixin.py:104} INFO - [2021-04-06 18:47:36,239] {dag.py:2279} INFO - Setting next_dagrun for classic_dag to 2021-04-05 00:00:00+00:00
[2021-04-06 18:47:36,755] {scheduler_job.py:190} INFO - Processing /opt/airflow/dags/classic.py took 1.760 seconds
[2021-04-06 18:48:08,031] {scheduler_job.py:182} INFO - Started process (PID=223) to work on /opt/airflow/dags/classic.py
[2021-04-06 18:48:08,041] {scheduler_job.py:633} INFO - Processing file /opt/airflow/dags/classic.py for tasks to queue
[2021-04-06 18:48:08,048] {logging_mixin.py:104} INFO - [2021-04-06 18:48:08,048] {dagbag.py:451} INFO - Filling up the DagBag from /opt/airflow/dags/classic.py
[2021-04-06 18:48:08,210] {scheduler_job.py:643} INFO - DAG(s) dict_keys(['classic_dag']) retrieved from /opt/airflow/dags/classic.py
[2021-04-06 18:48:08,314] {logging_mixin.py:104} INFO - [2021-04-06 18:48:08,313] {dag.py:1824} INFO - Sync 1 DAGs
[2021-04-06 18:48:08,556] {logging_mixin.py:104} INFO - [2021-04-06 18:48:08,555] {dag.py:2279} INFO - Setting next_dagrun for classic_dag to 2021-04-05 00:00:00+00:00
[2021-04-06 18:48:08,632] {scheduler_job.py:190} INFO - Processing /opt/airflow/dags/classic.py took 0.623 seconds
[2021-04-06 18:49:37,448] {scheduler_job.py:182} INFO - Started process (PID=36) to work on /opt/airflow/dags/classic.py
[2021-04-06 18:49:37,451] {scheduler_job.py:633} INFO - Processing file /opt/airflow/dags/classic.py for tasks to queue
[2021-04-06 18:49:37,468] {logging_mixin.py:104} INFO - [2021-04-06 18:49:37,468] {dagbag.py:451} INFO - Filling up the DagBag from /opt/airflow/dags/classic.py
[2021-04-06 18:49:37,856] {scheduler_job.py:643} INFO - DAG(s) dict_keys(['classic_dag']) retrieved from /opt/airflow/dags/classic.py
[2021-04-06 18:49:37,992] {logging_mixin.py:104} INFO - [2021-04-06 18:49:37,992] {dag.py:1824} INFO - Sync 1 DAGs
[2021-04-06 18:49:38,223] {logging_mixin.py:104} INFO - [2021-04-06 18:49:38,219] {dag.py:2279} INFO - Setting next_dagrun for classic_dag to 2021-04-05 00:00:00+00:00
[2021-04-06 18:49:38,343] {scheduler_job.py:190} INFO - Processing /opt/airflow/dags/classic.py took 0.917 seconds
[2021-04-06 18:50:09,422] {scheduler_job.py:182} INFO - Started process (PID=84) to work on /opt/airflow/dags/classic.py
[2021-04-06 18:50:09,445] {scheduler_job.py:633} INFO - Processing file /opt/airflow/dags/classic.py for tasks to queue
[2021-04-06 18:50:09,478] {logging_mixin.py:104} INFO - [2021-04-06 18:50:09,471] {dagbag.py:451} INFO - Filling up the DagBag from /opt/airflow/dags/classic.py
[2021-04-06 18:50:10,916] {scheduler_job.py:643} INFO - DAG(s) dict_keys(['classic_dag']) retrieved from /opt/airflow/dags/classic.py
[2021-04-06 18:50:11,796] {logging_mixin.py:104} INFO - [2021-04-06 18:50:11,796] {dag.py:1824} INFO - Sync 1 DAGs
[2021-04-06 18:50:12,892] {logging_mixin.py:104} INFO - [2021-04-06 18:50:12,892] {dag.py:2279} INFO - Setting next_dagrun for classic_dag to 2021-04-05 00:00:00+00:00
[2021-04-06 18:50:13,046] {scheduler_job.py:190} INFO - Processing /opt/airflow/dags/classic.py took 3.702 seconds
[2021-04-06 18:50:49,715] {scheduler_job.py:182} INFO - Started process (PID=130) to work on /opt/airflow/dags/classic.py
[2021-04-06 18:50:49,728] {scheduler_job.py:633} INFO - Processing file /opt/airflow/dags/classic.py for tasks to queue
[2021-04-06 18:50:49,763] {logging_mixin.py:104} INFO - [2021-04-06 18:50:49,762] {dagbag.py:451} INFO - Filling up the DagBag from /opt/airflow/dags/classic.py
[2021-04-06 18:50:50,223] {scheduler_job.py:643} INFO - DAG(s) dict_keys(['classic_dag']) retrieved from /opt/airflow/dags/classic.py
[2021-04-06 18:50:50,360] {logging_mixin.py:104} INFO - [2021-04-06 18:50:50,359] {dag.py:1824} INFO - Sync 1 DAGs
[2021-04-06 18:50:50,483] {logging_mixin.py:104} INFO - [2021-04-06 18:50:50,483] {dag.py:2279} INFO - Setting next_dagrun for classic_dag to 2021-04-05 00:00:00+00:00
[2021-04-06 18:50:50,808] {scheduler_job.py:190} INFO - Processing /opt/airflow/dags/classic.py took 1.219 seconds
[2021-04-06 18:51:21,646] {scheduler_job.py:182} INFO - Started process (PID=171) to work on /opt/airflow/dags/classic.py
[2021-04-06 18:51:21,661] {scheduler_job.py:633} INFO - Processing file /opt/airflow/dags/classic.py for tasks to queue
[2021-04-06 18:51:21,677] {logging_mixin.py:104} INFO - [2021-04-06 18:51:21,675] {dagbag.py:451} INFO - Filling up the DagBag from /opt/airflow/dags/classic.py
[2021-04-06 18:51:22,625] {scheduler_job.py:643} INFO - DAG(s) dict_keys(['classic_dag']) retrieved from /opt/airflow/dags/classic.py
[2021-04-06 18:51:22,999] {logging_mixin.py:104} INFO - [2021-04-06 18:51:22,998] {dag.py:1824} INFO - Sync 1 DAGs
[2021-04-06 18:51:23,473] {logging_mixin.py:104} INFO - [2021-04-06 18:51:23,473] {dag.py:2279} INFO - Setting next_dagrun for classic_dag to 2021-04-05 00:00:00+00:00
[2021-04-06 18:51:23,540] {scheduler_job.py:190} INFO - Processing /opt/airflow/dags/classic.py took 2.031 seconds
[2021-04-06 18:51:54,040] {scheduler_job.py:182} INFO - Started process (PID=220) to work on /opt/airflow/dags/classic.py
[2021-04-06 18:51:54,077] {scheduler_job.py:633} INFO - Processing file /opt/airflow/dags/classic.py for tasks to queue
[2021-04-06 18:51:54,099] {logging_mixin.py:104} INFO - [2021-04-06 18:51:54,099] {dagbag.py:451} INFO - Filling up the DagBag from /opt/airflow/dags/classic.py
[2021-04-06 18:51:54,373] {scheduler_job.py:643} INFO - DAG(s) dict_keys(['classic_dag']) retrieved from /opt/airflow/dags/classic.py
[2021-04-06 18:51:54,578] {logging_mixin.py:104} INFO - [2021-04-06 18:51:54,578] {dag.py:1824} INFO - Sync 1 DAGs
[2021-04-06 18:51:54,943] {logging_mixin.py:104} INFO - [2021-04-06 18:51:54,941] {dag.py:2279} INFO - Setting next_dagrun for classic_dag to 2021-04-05 00:00:00+00:00
[2021-04-06 18:51:55,040] {scheduler_job.py:190} INFO - Processing /opt/airflow/dags/classic.py took 1.031 seconds
[2021-04-06 18:52:25,340] {scheduler_job.py:182} INFO - Started process (PID=262) to work on /opt/airflow/dags/classic.py
[2021-04-06 18:52:25,347] {scheduler_job.py:633} INFO - Processing file /opt/airflow/dags/classic.py for tasks to queue
[2021-04-06 18:52:25,353] {logging_mixin.py:104} INFO - [2021-04-06 18:52:25,352] {dagbag.py:451} INFO - Filling up the DagBag from /opt/airflow/dags/classic.py
[2021-04-06 18:52:25,525] {scheduler_job.py:643} INFO - DAG(s) dict_keys(['classic_dag']) retrieved from /opt/airflow/dags/classic.py
[2021-04-06 18:52:25,609] {logging_mixin.py:104} INFO - [2021-04-06 18:52:25,609] {dag.py:1824} INFO - Sync 1 DAGs
[2021-04-06 18:52:25,705] {logging_mixin.py:104} INFO - [2021-04-06 18:52:25,705] {dag.py:2279} INFO - Setting next_dagrun for classic_dag to 2021-04-05 00:00:00+00:00
[2021-04-06 18:52:25,733] {scheduler_job.py:190} INFO - Processing /opt/airflow/dags/classic.py took 0.402 seconds
[2021-04-06 18:52:56,288] {scheduler_job.py:182} INFO - Started process (PID=310) to work on /opt/airflow/dags/classic.py
[2021-04-06 18:52:56,307] {scheduler_job.py:633} INFO - Processing file /opt/airflow/dags/classic.py for tasks to queue
[2021-04-06 18:52:56,321] {logging_mixin.py:104} INFO - [2021-04-06 18:52:56,321] {dagbag.py:451} INFO - Filling up the DagBag from /opt/airflow/dags/classic.py
[2021-04-06 18:52:56,567] {scheduler_job.py:643} INFO - DAG(s) dict_keys(['classic_dag']) retrieved from /opt/airflow/dags/classic.py
[2021-04-06 18:52:56,701] {logging_mixin.py:104} INFO - [2021-04-06 18:52:56,701] {dag.py:1824} INFO - Sync 1 DAGs
[2021-04-06 18:52:56,888] {logging_mixin.py:104} INFO - [2021-04-06 18:52:56,887] {dag.py:2279} INFO - Setting next_dagrun for classic_dag to 2021-04-05 00:00:00+00:00
[2021-04-06 18:52:56,961] {scheduler_job.py:190} INFO - Processing /opt/airflow/dags/classic.py took 0.730 seconds
[2021-04-06 18:53:27,527] {scheduler_job.py:182} INFO - Started process (PID=360) to work on /opt/airflow/dags/classic.py
[2021-04-06 18:53:27,531] {scheduler_job.py:633} INFO - Processing file /opt/airflow/dags/classic.py for tasks to queue
[2021-04-06 18:53:27,534] {logging_mixin.py:104} INFO - [2021-04-06 18:53:27,534] {dagbag.py:451} INFO - Filling up the DagBag from /opt/airflow/dags/classic.py
[2021-04-06 18:53:27,938] {scheduler_job.py:643} INFO - DAG(s) dict_keys(['classic_dag']) retrieved from /opt/airflow/dags/classic.py
[2021-04-06 18:53:28,112] {logging_mixin.py:104} INFO - [2021-04-06 18:53:28,111] {dag.py:1824} INFO - Sync 1 DAGs
[2021-04-06 18:53:28,213] {logging_mixin.py:104} INFO - [2021-04-06 18:53:28,212] {dag.py:2279} INFO - Setting next_dagrun for classic_dag to 2021-04-05 00:00:00+00:00
[2021-04-06 18:53:28,288] {scheduler_job.py:190} INFO - Processing /opt/airflow/dags/classic.py took 0.771 seconds
[2021-04-06 18:53:58,916] {scheduler_job.py:182} INFO - Started process (PID=411) to work on /opt/airflow/dags/classic.py
[2021-04-06 18:53:58,924] {scheduler_job.py:633} INFO - Processing file /opt/airflow/dags/classic.py for tasks to queue
[2021-04-06 18:53:58,927] {logging_mixin.py:104} INFO - [2021-04-06 18:53:58,926] {dagbag.py:451} INFO - Filling up the DagBag from /opt/airflow/dags/classic.py
[2021-04-06 18:53:59,291] {scheduler_job.py:643} INFO - DAG(s) dict_keys(['classic_dag']) retrieved from /opt/airflow/dags/classic.py
[2021-04-06 18:53:59,410] {logging_mixin.py:104} INFO - [2021-04-06 18:53:59,410] {dag.py:1824} INFO - Sync 1 DAGs
[2021-04-06 18:53:59,677] {logging_mixin.py:104} INFO - [2021-04-06 18:53:59,677] {dag.py:2279} INFO - Setting next_dagrun for classic_dag to 2021-04-05 00:00:00+00:00
[2021-04-06 18:53:59,750] {scheduler_job.py:190} INFO - Processing /opt/airflow/dags/classic.py took 0.870 seconds
[2021-04-06 18:54:30,328] {scheduler_job.py:182} INFO - Started process (PID=460) to work on /opt/airflow/dags/classic.py
[2021-04-06 18:54:30,340] {scheduler_job.py:633} INFO - Processing file /opt/airflow/dags/classic.py for tasks to queue
[2021-04-06 18:54:30,346] {logging_mixin.py:104} INFO - [2021-04-06 18:54:30,341] {dagbag.py:451} INFO - Filling up the DagBag from /opt/airflow/dags/classic.py
[2021-04-06 18:54:30,672] {scheduler_job.py:643} INFO - DAG(s) dict_keys(['classic_dag']) retrieved from /opt/airflow/dags/classic.py
[2021-04-06 18:54:30,851] {logging_mixin.py:104} INFO - [2021-04-06 18:54:30,850] {dag.py:1824} INFO - Sync 1 DAGs
[2021-04-06 18:54:31,174] {logging_mixin.py:104} INFO - [2021-04-06 18:54:31,174] {dag.py:2279} INFO - Setting next_dagrun for classic_dag to 2021-04-05 00:00:00+00:00
[2021-04-06 18:54:31,325] {scheduler_job.py:190} INFO - Processing /opt/airflow/dags/classic.py took 1.049 seconds
[2021-04-06 18:55:02,303] {scheduler_job.py:182} INFO - Started process (PID=501) to work on /opt/airflow/dags/classic.py
[2021-04-06 18:55:02,313] {scheduler_job.py:633} INFO - Processing file /opt/airflow/dags/classic.py for tasks to queue
[2021-04-06 18:55:02,316] {logging_mixin.py:104} INFO - [2021-04-06 18:55:02,316] {dagbag.py:451} INFO - Filling up the DagBag from /opt/airflow/dags/classic.py
[2021-04-06 18:55:02,441] {scheduler_job.py:643} INFO - DAG(s) dict_keys(['classic_dag']) retrieved from /opt/airflow/dags/classic.py
[2021-04-06 18:55:02,592] {logging_mixin.py:104} INFO - [2021-04-06 18:55:02,587] {dag.py:1824} INFO - Sync 1 DAGs
[2021-04-06 18:55:02,916] {logging_mixin.py:104} INFO - [2021-04-06 18:55:02,916] {dag.py:2279} INFO - Setting next_dagrun for classic_dag to 2021-04-05 00:00:00+00:00
[2021-04-06 18:55:02,996] {scheduler_job.py:190} INFO - Processing /opt/airflow/dags/classic.py took 0.700 seconds
[2021-04-06 18:55:42,580] {scheduler_job.py:182} INFO - Started process (PID=547) to work on /opt/airflow/dags/classic.py
[2021-04-06 18:55:42,585] {scheduler_job.py:633} INFO - Processing file /opt/airflow/dags/classic.py for tasks to queue
[2021-04-06 18:55:42,652] {logging_mixin.py:104} INFO - [2021-04-06 18:55:42,652] {dagbag.py:451} INFO - Filling up the DagBag from /opt/airflow/dags/classic.py
[2021-04-06 18:55:43,909] {scheduler_job.py:643} INFO - DAG(s) dict_keys(['classic_dag']) retrieved from /opt/airflow/dags/classic.py
[2021-04-06 18:55:46,477] {logging_mixin.py:104} INFO - [2021-04-06 18:55:46,463] {dag.py:1824} INFO - Sync 1 DAGs
[2021-04-06 18:55:47,350] {logging_mixin.py:104} INFO - [2021-04-06 18:55:47,349] {dag.py:2279} INFO - Setting next_dagrun for classic_dag to 2021-04-05 00:00:00+00:00
[2021-04-06 18:55:48,314] {scheduler_job.py:190} INFO - Processing /opt/airflow/dags/classic.py took 5.864 seconds
[2021-04-06 18:56:26,783] {scheduler_job.py:182} INFO - Started process (PID=602) to work on /opt/airflow/dags/classic.py
[2021-04-06 18:56:26,791] {scheduler_job.py:633} INFO - Processing file /opt/airflow/dags/classic.py for tasks to queue
[2021-04-06 18:56:26,800] {logging_mixin.py:104} INFO - [2021-04-06 18:56:26,800] {dagbag.py:451} INFO - Filling up the DagBag from /opt/airflow/dags/classic.py
[2021-04-06 18:56:27,280] {scheduler_job.py:643} INFO - DAG(s) dict_keys(['classic_dag']) retrieved from /opt/airflow/dags/classic.py
[2021-04-06 18:56:27,646] {logging_mixin.py:104} INFO - [2021-04-06 18:56:27,646] {dag.py:1824} INFO - Sync 1 DAGs
[2021-04-06 18:56:29,703] {logging_mixin.py:104} INFO - [2021-04-06 18:56:29,702] {dag.py:2279} INFO - Setting next_dagrun for classic_dag to 2021-04-05 00:00:00+00:00
[2021-04-06 18:56:29,905] {scheduler_job.py:190} INFO - Processing /opt/airflow/dags/classic.py took 3.271 seconds
[2021-04-06 18:57:11,237] {scheduler_job.py:182} INFO - Started process (PID=646) to work on /opt/airflow/dags/classic.py
[2021-04-06 18:57:11,250] {scheduler_job.py:633} INFO - Processing file /opt/airflow/dags/classic.py for tasks to queue
[2021-04-06 18:57:11,274] {logging_mixin.py:104} INFO - [2021-04-06 18:57:11,272] {dagbag.py:451} INFO - Filling up the DagBag from /opt/airflow/dags/classic.py
[2021-04-06 18:57:11,881] {scheduler_job.py:643} INFO - DAG(s) dict_keys(['classic_dag']) retrieved from /opt/airflow/dags/classic.py
[2021-04-06 18:57:12,321] {logging_mixin.py:104} INFO - [2021-04-06 18:57:12,321] {dag.py:1824} INFO - Sync 1 DAGs
[2021-04-06 18:57:13,564] {logging_mixin.py:104} INFO - [2021-04-06 18:57:13,543] {dag.py:2279} INFO - Setting next_dagrun for classic_dag to 2021-04-05 00:00:00+00:00
[2021-04-06 18:57:13,902] {scheduler_job.py:190} INFO - Processing /opt/airflow/dags/classic.py took 2.775 seconds
[2021-04-06 18:57:49,052] {scheduler_job.py:182} INFO - Started process (PID=693) to work on /opt/airflow/dags/classic.py
[2021-04-06 18:57:49,083] {scheduler_job.py:633} INFO - Processing file /opt/airflow/dags/classic.py for tasks to queue
[2021-04-06 18:57:49,097] {logging_mixin.py:104} INFO - [2021-04-06 18:57:49,097] {dagbag.py:451} INFO - Filling up the DagBag from /opt/airflow/dags/classic.py
[2021-04-06 18:57:49,506] {scheduler_job.py:643} INFO - DAG(s) dict_keys(['classic_dag']) retrieved from /opt/airflow/dags/classic.py
[2021-04-06 18:57:49,676] {logging_mixin.py:104} INFO - [2021-04-06 18:57:49,676] {dag.py:1824} INFO - Sync 1 DAGs
[2021-04-06 18:57:50,322] {logging_mixin.py:104} INFO - [2021-04-06 18:57:50,322] {dag.py:2279} INFO - Setting next_dagrun for classic_dag to 2021-04-05 00:00:00+00:00
[2021-04-06 18:57:50,508] {scheduler_job.py:190} INFO - Processing /opt/airflow/dags/classic.py took 1.612 seconds
[2021-04-06 18:58:23,687] {scheduler_job.py:182} INFO - Started process (PID=738) to work on /opt/airflow/dags/classic.py
[2021-04-06 18:58:23,728] {scheduler_job.py:633} INFO - Processing file /opt/airflow/dags/classic.py for tasks to queue
[2021-04-06 18:58:23,743] {logging_mixin.py:104} INFO - [2021-04-06 18:58:23,743] {dagbag.py:451} INFO - Filling up the DagBag from /opt/airflow/dags/classic.py
[2021-04-06 18:58:24,392] {scheduler_job.py:643} INFO - DAG(s) dict_keys(['classic_dag']) retrieved from /opt/airflow/dags/classic.py
[2021-04-06 18:58:25,472] {logging_mixin.py:104} INFO - [2021-04-06 18:58:25,472] {dag.py:1824} INFO - Sync 1 DAGs
[2021-04-06 18:58:26,650] {logging_mixin.py:104} INFO - [2021-04-06 18:58:26,649] {dag.py:2279} INFO - Setting next_dagrun for classic_dag to 2021-04-05 00:00:00+00:00
[2021-04-06 18:58:27,007] {scheduler_job.py:190} INFO - Processing /opt/airflow/dags/classic.py took 3.343 seconds
[2021-04-06 19:01:47,727] {scheduler_job.py:182} INFO - Started process (PID=75) to work on /opt/airflow/dags/classic.py
[2021-04-06 19:01:47,822] {scheduler_job.py:633} INFO - Processing file /opt/airflow/dags/classic.py for tasks to queue
[2021-04-06 19:01:47,868] {logging_mixin.py:104} INFO - [2021-04-06 19:01:47,861] {dagbag.py:451} INFO - Filling up the DagBag from /opt/airflow/dags/classic.py
[2021-04-06 19:01:49,155] {scheduler_job.py:643} INFO - DAG(s) dict_keys(['classic_dag']) retrieved from /opt/airflow/dags/classic.py
[2021-04-06 19:01:49,942] {logging_mixin.py:104} INFO - [2021-04-06 19:01:49,939] {dag.py:1824} INFO - Sync 1 DAGs
[2021-04-06 19:01:51,468] {logging_mixin.py:104} INFO - [2021-04-06 19:01:51,468] {dag.py:2279} INFO - Setting next_dagrun for classic_dag to 2021-04-05 00:00:00+00:00
[2021-04-06 19:01:51,844] {scheduler_job.py:190} INFO - Processing /opt/airflow/dags/classic.py took 4.328 seconds
[2021-04-06 19:02:54,567] {scheduler_job.py:182} INFO - Started process (PID=133) to work on /opt/airflow/dags/classic.py
[2021-04-06 19:02:54,610] {scheduler_job.py:633} INFO - Processing file /opt/airflow/dags/classic.py for tasks to queue
[2021-04-06 19:02:54,630] {logging_mixin.py:104} INFO - [2021-04-06 19:02:54,630] {dagbag.py:451} INFO - Filling up the DagBag from /opt/airflow/dags/classic.py
[2021-04-06 19:02:56,137] {scheduler_job.py:643} INFO - DAG(s) dict_keys(['classic_dag']) retrieved from /opt/airflow/dags/classic.py
[2021-04-06 19:02:56,705] {logging_mixin.py:104} INFO - [2021-04-06 19:02:56,705] {dag.py:1824} INFO - Sync 1 DAGs
[2021-04-06 19:02:57,727] {logging_mixin.py:104} INFO - [2021-04-06 19:02:57,678] {dag.py:2279} INFO - Setting next_dagrun for classic_dag to 2021-04-05 00:00:00+00:00
[2021-04-06 19:02:58,045] {scheduler_job.py:190} INFO - Processing /opt/airflow/dags/classic.py took 3.540 seconds
[2021-04-06 19:03:50,566] {scheduler_job.py:182} INFO - Started process (PID=169) to work on /opt/airflow/dags/classic.py
[2021-04-06 19:03:50,623] {scheduler_job.py:633} INFO - Processing file /opt/airflow/dags/classic.py for tasks to queue
[2021-04-06 19:03:50,664] {logging_mixin.py:104} INFO - [2021-04-06 19:03:50,664] {dagbag.py:451} INFO - Filling up the DagBag from /opt/airflow/dags/classic.py
[2021-04-06 19:03:52,013] {scheduler_job.py:643} INFO - DAG(s) dict_keys(['classic_dag']) retrieved from /opt/airflow/dags/classic.py
[2021-04-06 19:03:53,062] {logging_mixin.py:104} INFO - [2021-04-06 19:03:53,062] {dag.py:1824} INFO - Sync 1 DAGs
[2021-04-06 19:03:56,639] {logging_mixin.py:104} INFO - [2021-04-06 19:03:56,639] {dag.py:2279} INFO - Setting next_dagrun for classic_dag to 2021-04-05 00:00:00+00:00
[2021-04-06 19:03:58,674] {scheduler_job.py:190} INFO - Processing /opt/airflow/dags/classic.py took 8.304 seconds
[2021-04-06 19:06:17,572] {scheduler_job.py:182} INFO - Started process (PID=229) to work on /opt/airflow/dags/classic.py
[2021-04-06 19:06:18,563] {scheduler_job.py:633} INFO - Processing file /opt/airflow/dags/classic.py for tasks to queue
[2021-04-06 19:06:23,420] {logging_mixin.py:104} INFO - [2021-04-06 19:06:22,051] {dagbag.py:451} INFO - Filling up the DagBag from /opt/airflow/dags/classic.py
[2021-04-06 19:07:00,196] {logging_mixin.py:104} INFO - [2021-04-06 19:06:59,624] {timeout.py:36} ERROR - Process timed out, PID: 229
[2021-04-06 19:07:02,483] {logging_mixin.py:104} INFO - [2021-04-06 19:07:00,322] {dagbag.py:308} ERROR - Failed to import: /opt/airflow/dags/classic.py
Traceback (most recent call last):
  File "/home/airflow/.local/lib/python3.8/site-packages/airflow/models/dagbag.py", line 305, in _load_modules_from_file
    loader.exec_module(new_module)
  File "<frozen importlib._bootstrap_external>", line 783, in exec_module
  File "<frozen importlib._bootstrap>", line 219, in _call_with_frames_removed
  File "/opt/airflow/dags/classic.py", line 51, in <module>
    extract_bitcoin_price >> process_data >> store_data
  File "/home/airflow/.local/lib/python3.8/site-packages/airflow/models/taskmixin.py", line 64, in __rshift__
    self.set_downstream(other)
  File "/home/airflow/.local/lib/python3.8/site-packages/airflow/models/baseoperator.py", line 1240, in set_downstream
    def set_downstream(self, task_or_task_list: Union[TaskMixin, Sequence[TaskMixin]]) -> None:
  File "/home/airflow/.local/lib/python3.8/site-packages/airflow/utils/timeout.py", line 37, in handle_timeout
    raise AirflowTaskTimeout(self.error_message)
airflow.exceptions.AirflowTaskTimeout: DagBag import timeout for /opt/airflow/dags/classic.py after 30.0s, PID: 229
[2021-04-06 19:07:03,219] {scheduler_job.py:645} WARNING - No viable dags retrieved from /opt/airflow/dags/classic.py
[2021-04-06 19:15:13,707] {scheduler_job.py:182} INFO - Started process (PID=68) to work on /opt/airflow/dags/classic.py
[2021-04-06 19:15:13,766] {scheduler_job.py:633} INFO - Processing file /opt/airflow/dags/classic.py for tasks to queue
[2021-04-06 19:15:13,793] {logging_mixin.py:104} INFO - [2021-04-06 19:15:13,775] {dagbag.py:451} INFO - Filling up the DagBag from /opt/airflow/dags/classic.py
[2021-04-06 19:15:15,084] {scheduler_job.py:643} INFO - DAG(s) dict_keys(['classic_dag']) retrieved from /opt/airflow/dags/classic.py
[2021-04-06 19:15:15,505] {logging_mixin.py:104} INFO - [2021-04-06 19:15:15,505] {dag.py:1824} INFO - Sync 1 DAGs
[2021-04-06 19:15:16,923] {logging_mixin.py:104} INFO - [2021-04-06 19:15:16,923] {dag.py:2279} INFO - Setting next_dagrun for classic_dag to 2021-04-05 00:00:00+00:00
[2021-04-06 19:15:17,163] {scheduler_job.py:190} INFO - Processing /opt/airflow/dags/classic.py took 3.533 seconds
[2021-04-06 19:16:10,338] {scheduler_job.py:182} INFO - Started process (PID=123) to work on /opt/airflow/dags/classic.py
[2021-04-06 19:16:10,411] {scheduler_job.py:633} INFO - Processing file /opt/airflow/dags/classic.py for tasks to queue
[2021-04-06 19:16:10,466] {logging_mixin.py:104} INFO - [2021-04-06 19:16:10,466] {dagbag.py:451} INFO - Filling up the DagBag from /opt/airflow/dags/classic.py
[2021-04-06 19:16:11,305] {scheduler_job.py:643} INFO - DAG(s) dict_keys(['classic_dag']) retrieved from /opt/airflow/dags/classic.py
[2021-04-06 19:16:12,979] {logging_mixin.py:104} INFO - [2021-04-06 19:16:12,979] {dag.py:1824} INFO - Sync 1 DAGs
[2021-04-06 19:16:13,877] {logging_mixin.py:104} INFO - [2021-04-06 19:16:13,858] {dag.py:2279} INFO - Setting next_dagrun for classic_dag to 2021-04-05 00:00:00+00:00
[2021-04-06 19:16:14,221] {scheduler_job.py:190} INFO - Processing /opt/airflow/dags/classic.py took 4.022 seconds
[2021-04-06 19:17:43,850] {scheduler_job.py:182} INFO - Started process (PID=182) to work on /opt/airflow/dags/classic.py
[2021-04-06 19:17:43,881] {scheduler_job.py:633} INFO - Processing file /opt/airflow/dags/classic.py for tasks to queue
[2021-04-06 19:17:43,939] {logging_mixin.py:104} INFO - [2021-04-06 19:17:43,912] {dagbag.py:451} INFO - Filling up the DagBag from /opt/airflow/dags/classic.py
[2021-04-06 19:17:45,491] {scheduler_job.py:643} INFO - DAG(s) dict_keys(['classic_dag']) retrieved from /opt/airflow/dags/classic.py
[2021-04-06 19:17:46,827] {logging_mixin.py:104} INFO - [2021-04-06 19:17:46,823] {dag.py:1824} INFO - Sync 1 DAGs
[2021-04-06 19:17:49,247] {logging_mixin.py:104} INFO - [2021-04-06 19:17:49,247] {dag.py:2279} INFO - Setting next_dagrun for classic_dag to 2021-04-05 00:00:00+00:00
[2021-04-06 19:17:49,627] {scheduler_job.py:190} INFO - Processing /opt/airflow/dags/classic.py took 6.011 seconds
[2021-04-06 19:19:38,983] {scheduler_job.py:182} INFO - Started process (PID=234) to work on /opt/airflow/dags/classic.py
[2021-04-06 19:19:39,090] {scheduler_job.py:633} INFO - Processing file /opt/airflow/dags/classic.py for tasks to queue
[2021-04-06 19:19:39,095] {logging_mixin.py:104} INFO - [2021-04-06 19:19:39,095] {dagbag.py:451} INFO - Filling up the DagBag from /opt/airflow/dags/classic.py
[2021-04-06 19:19:45,218] {scheduler_job.py:643} INFO - DAG(s) dict_keys(['classic_dag']) retrieved from /opt/airflow/dags/classic.py
[2021-04-06 19:19:46,675] {logging_mixin.py:104} INFO - [2021-04-06 19:19:46,675] {dag.py:1824} INFO - Sync 1 DAGs
[2021-04-06 19:19:51,569] {logging_mixin.py:104} INFO - [2021-04-06 19:19:51,568] {dag.py:2279} INFO - Setting next_dagrun for classic_dag to 2021-04-05 00:00:00+00:00
[2021-04-06 19:19:52,295] {scheduler_job.py:190} INFO - Processing /opt/airflow/dags/classic.py took 13.481 seconds
[2021-04-06 19:21:39,706] {scheduler_job.py:182} INFO - Started process (PID=269) to work on /opt/airflow/dags/classic.py
[2021-04-06 19:21:40,592] {scheduler_job.py:633} INFO - Processing file /opt/airflow/dags/classic.py for tasks to queue
[2021-04-06 19:21:41,864] {logging_mixin.py:104} INFO - [2021-04-06 19:21:40,870] {dagbag.py:451} INFO - Filling up the DagBag from /opt/airflow/dags/classic.py
[2021-04-06 19:23:46,908] {scheduler_job.py:182} INFO - Started process (PID=286) to work on /opt/airflow/dags/classic.py
[2021-04-06 19:23:47,079] {scheduler_job.py:633} INFO - Processing file /opt/airflow/dags/classic.py for tasks to queue
[2021-04-06 19:23:47,154] {logging_mixin.py:104} INFO - [2021-04-06 19:23:47,112] {dagbag.py:451} INFO - Filling up the DagBag from /opt/airflow/dags/classic.py
[2021-04-06 19:23:50,470] {scheduler_job.py:643} INFO - DAG(s) dict_keys(['classic_dag']) retrieved from /opt/airflow/dags/classic.py
[2021-04-06 19:23:51,656] {logging_mixin.py:104} INFO - [2021-04-06 19:23:51,656] {dag.py:1824} INFO - Sync 1 DAGs
[2021-04-06 19:23:53,787] {logging_mixin.py:104} INFO - [2021-04-06 19:23:53,787] {dag.py:2279} INFO - Setting next_dagrun for classic_dag to 2021-04-05 00:00:00+00:00
[2021-04-06 19:23:54,565] {scheduler_job.py:190} INFO - Processing /opt/airflow/dags/classic.py took 8.026 seconds
[2021-04-06 19:26:48,895] {scheduler_job.py:182} INFO - Started process (PID=339) to work on /opt/airflow/dags/classic.py
[2021-04-06 19:26:49,183] {scheduler_job.py:633} INFO - Processing file /opt/airflow/dags/classic.py for tasks to queue
[2021-04-06 19:26:49,272] {logging_mixin.py:104} INFO - [2021-04-06 19:26:49,232] {dagbag.py:451} INFO - Filling up the DagBag from /opt/airflow/dags/classic.py
[2021-04-06 19:27:15,082] {scheduler_job.py:643} INFO - DAG(s) dict_keys(['classic_dag']) retrieved from /opt/airflow/dags/classic.py
[2021-04-06 19:27:20,434] {logging_mixin.py:104} INFO - [2021-04-06 19:27:20,385] {dag.py:1824} INFO - Sync 1 DAGs
[2021-04-06 19:41:22,438] {scheduler_job.py:182} INFO - Started process (PID=435) to work on /opt/airflow/dags/classic.py
[2021-04-06 19:41:22,712] {scheduler_job.py:633} INFO - Processing file /opt/airflow/dags/classic.py for tasks to queue
[2021-04-06 19:41:22,855] {logging_mixin.py:104} INFO - [2021-04-06 19:41:22,819] {dagbag.py:451} INFO - Filling up the DagBag from /opt/airflow/dags/classic.py
[2021-04-06 19:41:54,598] {logging_mixin.py:104} INFO - [2021-04-06 19:41:54,337] {timeout.py:36} ERROR - Process timed out, PID: 435
[2021-04-06 19:42:02,284] {logging_mixin.py:104} INFO - [2021-04-06 19:41:57,743] {dagbag.py:308} ERROR - Failed to import: /opt/airflow/dags/classic.py
Traceback (most recent call last):
  File "<frozen importlib._bootstrap_external>", line 1281, in _path_importer_cache
KeyError: '/home/airflow/.local/lib/python3.8/site-packages/airflow/operators'

During handling of the above exception, another exception occurred:

Traceback (most recent call last):
  File "/home/airflow/.local/lib/python3.8/site-packages/airflow/models/dagbag.py", line 305, in _load_modules_from_file
    loader.exec_module(new_module)
  File "<frozen importlib._bootstrap_external>", line 783, in exec_module
  File "<frozen importlib._bootstrap>", line 219, in _call_with_frames_removed
  File "/opt/airflow/dags/classic.py", line 4, in <module>
    from airflow.operators.python_operator import PythonOperator
  File "<frozen importlib._bootstrap>", line 991, in _find_and_load
  File "<frozen importlib._bootstrap>", line 971, in _find_and_load_unlocked
  File "<frozen importlib._bootstrap>", line 914, in _find_spec
  File "<frozen importlib._bootstrap_external>", line 1342, in find_spec
  File "<frozen importlib._bootstrap_external>", line 1311, in _get_spec
  File "<frozen importlib._bootstrap_external>", line 1283, in _path_importer_cache
  File "<frozen importlib._bootstrap_external>", line 1257, in _path_hooks
  File "/home/airflow/.local/lib/python3.8/site-packages/airflow/utils/dag_processing.py", line 586, in _exit_gracefully
    self.log.debug("Current Stacktrace is: %s", '\n'.join(map(str, inspect.stack())))
  File "/usr/local/lib/python3.8/inspect.py", line 1526, in stack
    return getouterframes(sys._getframe(1), context)
  File "/usr/local/lib/python3.8/inspect.py", line 1503, in getouterframes
    frameinfo = (frame,) + getframeinfo(frame, context)
  File "/usr/local/lib/python3.8/inspect.py", line 1477, in getframeinfo
    lines, lnum = findsource(frame)
  File "/usr/local/lib/python3.8/inspect.py", line 792, in findsource
    module = getmodule(object, file)
  File "/usr/local/lib/python3.8/inspect.py", line 745, in getmodule
    if ismodule(module) and hasattr(module, '__file__'):
  File "/home/airflow/.local/lib/python3.8/site-packages/airflow/utils/timeout.py", line 37, in handle_timeout
    raise AirflowTaskTimeout(self.error_message)
airflow.exceptions.AirflowTaskTimeout: DagBag import timeout for /opt/airflow/dags/classic.py after 30.0s, PID: 435
[2021-04-06 19:42:02,967] {scheduler_job.py:645} WARNING - No viable dags retrieved from /opt/airflow/dags/classic.py
[2021-04-06 19:42:42,620] {scheduler_job.py:190} INFO - Processing /opt/airflow/dags/classic.py took 79.896 seconds
[2021-04-06 19:50:48,241] {scheduler_job.py:182} INFO - Started process (PID=529) to work on /opt/airflow/dags/classic.py
[2021-04-06 19:50:56,700] {scheduler_job.py:633} INFO - Processing file /opt/airflow/dags/classic.py for tasks to queue
[2021-04-06 19:51:07,526] {logging_mixin.py:104} INFO - [2021-04-06 19:51:05,579] {dagbag.py:451} INFO - Filling up the DagBag from /opt/airflow/dags/classic.py
[2021-04-06 19:52:21,437] {logging_mixin.py:104} INFO - [2021-04-06 19:52:19,965] {timeout.py:36} ERROR - Process timed out, PID: 529
[2021-04-06 19:52:29,941] {logging_mixin.py:104} INFO - [2021-04-06 19:52:24,496] {dagbag.py:308} ERROR - Failed to import: /opt/airflow/dags/classic.py
Traceback (most recent call last):
  File "<frozen importlib._bootstrap_external>", line 93, in _path_is_mode_type
  File "<frozen importlib._bootstrap_external>", line 87, in _path_stat
FileNotFoundError: [Errno 2] No such file or directory: '/home/airflow/.local/lib/python3.8/site-packages/airflow/operators/__init__.abi3.so'

During handling of the above exception, another exception occurred:

Traceback (most recent call last):
  File "/home/airflow/.local/lib/python3.8/site-packages/airflow/models/dagbag.py", line 305, in _load_modules_from_file
    loader.exec_module(new_module)
  File "<frozen importlib._bootstrap_external>", line 783, in exec_module
  File "<frozen importlib._bootstrap>", line 219, in _call_with_frames_removed
  File "/opt/airflow/dags/classic.py", line 4, in <module>
    from airflow.operators.python_operator import PythonOperator
  File "<frozen importlib._bootstrap>", line 991, in _find_and_load
  File "<frozen importlib._bootstrap>", line 971, in _find_and_load_unlocked
  File "<frozen importlib._bootstrap>", line 914, in _find_spec
  File "<frozen importlib._bootstrap_external>", line 1342, in find_spec
  File "<frozen importlib._bootstrap_external>", line 1314, in _get_spec
  File "<frozen importlib._bootstrap_external>", line 1458, in find_spec
  File "<frozen importlib._bootstrap_external>", line 101, in _path_isfile
  File "<frozen importlib._bootstrap_external>", line 93, in _path_is_mode_type
  File "/home/airflow/.local/lib/python3.8/site-packages/airflow/utils/timeout.py", line 37, in handle_timeout
    raise AirflowTaskTimeout(self.error_message)
airflow.exceptions.AirflowTaskTimeout: DagBag import timeout for /opt/airflow/dags/classic.py after 30.0s, PID: 529
[2021-04-06 19:52:31,625] {scheduler_job.py:645} WARNING - No viable dags retrieved from /opt/airflow/dags/classic.py
[2021-04-06 19:53:03,223] {scheduler_job.py:190} INFO - Processing /opt/airflow/dags/classic.py took 140.599 seconds
[2021-04-06 20:07:37,995] {scheduler_job.py:182} INFO - Started process (PID=610) to work on /opt/airflow/dags/classic.py
[2021-04-06 20:07:38,106] {scheduler_job.py:633} INFO - Processing file /opt/airflow/dags/classic.py for tasks to queue
[2021-04-06 20:07:38,358] {logging_mixin.py:104} INFO - [2021-04-06 20:07:38,358] {dagbag.py:451} INFO - Filling up the DagBag from /opt/airflow/dags/classic.py
[2021-04-06 20:08:14,943] {logging_mixin.py:104} INFO - [2021-04-06 20:08:14,318] {timeout.py:36} ERROR - Process timed out, PID: 610
[2021-04-06 20:08:31,560] {logging_mixin.py:104} INFO - [2021-04-06 20:08:22,379] {dagbag.py:308} ERROR - Failed to import: /opt/airflow/dags/classic.py
Traceback (most recent call last):
  File "/home/airflow/.local/lib/python3.8/site-packages/airflow/models/dagbag.py", line 305, in _load_modules_from_file
    loader.exec_module(new_module)
  File "<frozen importlib._bootstrap_external>", line 783, in exec_module
  File "<frozen importlib._bootstrap>", line 219, in _call_with_frames_removed
  File "/opt/airflow/dags/classic.py", line 4, in <module>
    from airflow.operators.python_operator import PythonOperator
  File "/home/airflow/.local/lib/python3.8/site-packages/airflow/operators/python_operator.py", line 23, in <module>
    from airflow.operators.python import (  # noqa
  File "/home/airflow/.local/lib/python3.8/site-packages/airflow/operators/python.py", line 32, in <module>
    from airflow.decorators.python import (  # noqa # pylint: disable=unused-import
  File "<frozen importlib._bootstrap>", line 988, in _find_and_load
  File "<frozen importlib._bootstrap>", line 149, in __enter__
  File "<frozen importlib._bootstrap>", line 101, in acquire
  File "/home/airflow/.local/lib/python3.8/site-packages/airflow/utils/timeout.py", line 37, in handle_timeout
    raise AirflowTaskTimeout(self.error_message)
airflow.exceptions.AirflowTaskTimeout: DagBag import timeout for /opt/airflow/dags/classic.py after 30.0s, PID: 610
[2021-04-06 20:08:41,461] {scheduler_job.py:645} WARNING - No viable dags retrieved from /opt/airflow/dags/classic.py
[2021-04-06 20:10:07,131] {scheduler_job.py:190} INFO - Processing /opt/airflow/dags/classic.py took 156.216 seconds
[2021-04-06 20:18:28,614] {scheduler_job.py:182} INFO - Started process (PID=27) to work on /opt/airflow/dags/classic.py
[2021-04-06 20:18:28,632] {scheduler_job.py:633} INFO - Processing file /opt/airflow/dags/classic.py for tasks to queue
[2021-04-06 20:18:28,645] {logging_mixin.py:104} INFO - [2021-04-06 20:18:28,645] {dagbag.py:451} INFO - Filling up the DagBag from /opt/airflow/dags/classic.py
[2021-04-06 20:18:28,946] {scheduler_job.py:643} INFO - DAG(s) dict_keys(['classic_dag']) retrieved from /opt/airflow/dags/classic.py
[2021-04-06 20:18:29,146] {logging_mixin.py:104} INFO - [2021-04-06 20:18:29,146] {dag.py:1824} INFO - Sync 1 DAGs
[2021-04-06 20:18:29,471] {logging_mixin.py:104} INFO - [2021-04-06 20:18:29,471] {dag.py:2279} INFO - Setting next_dagrun for classic_dag to 2021-04-05 00:00:00+00:00
[2021-04-06 20:18:29,560] {scheduler_job.py:190} INFO - Processing /opt/airflow/dags/classic.py took 1.014 seconds
[2021-04-06 20:19:00,317] {scheduler_job.py:182} INFO - Started process (PID=68) to work on /opt/airflow/dags/classic.py
[2021-04-06 20:19:00,334] {scheduler_job.py:633} INFO - Processing file /opt/airflow/dags/classic.py for tasks to queue
[2021-04-06 20:19:00,348] {logging_mixin.py:104} INFO - [2021-04-06 20:19:00,343] {dagbag.py:451} INFO - Filling up the DagBag from /opt/airflow/dags/classic.py
[2021-04-06 20:19:01,387] {scheduler_job.py:643} INFO - DAG(s) dict_keys(['classic_dag']) retrieved from /opt/airflow/dags/classic.py
[2021-04-06 20:19:01,642] {logging_mixin.py:104} INFO - [2021-04-06 20:19:01,642] {dag.py:1824} INFO - Sync 1 DAGs
[2021-04-06 20:19:02,031] {logging_mixin.py:104} INFO - [2021-04-06 20:19:02,030] {dag.py:2279} INFO - Setting next_dagrun for classic_dag to 2021-04-05 00:00:00+00:00
[2021-04-06 20:19:02,140] {scheduler_job.py:190} INFO - Processing /opt/airflow/dags/classic.py took 1.962 seconds
[2021-04-06 20:24:53,857] {scheduler_job.py:182} INFO - Started process (PID=129) to work on /opt/airflow/dags/classic.py
[2021-04-06 20:24:53,918] {scheduler_job.py:633} INFO - Processing file /opt/airflow/dags/classic.py for tasks to queue
[2021-04-06 20:24:54,717] {logging_mixin.py:104} INFO - [2021-04-06 20:24:54,182] {dagbag.py:451} INFO - Filling up the DagBag from /opt/airflow/dags/classic.py
[2021-04-06 20:24:58,103] {scheduler_job.py:643} INFO - DAG(s) dict_keys(['classic_dag']) retrieved from /opt/airflow/dags/classic.py
[2021-04-06 20:24:59,626] {logging_mixin.py:104} INFO - [2021-04-06 20:24:59,607] {dag.py:1824} INFO - Sync 1 DAGs
[2021-04-06 20:25:02,625] {logging_mixin.py:104} INFO - [2021-04-06 20:25:02,624] {dag.py:2279} INFO - Setting next_dagrun for classic_dag to 2021-04-05 00:00:00+00:00
[2021-04-06 20:25:03,333] {scheduler_job.py:190} INFO - Processing /opt/airflow/dags/classic.py took 9.665 seconds
[2021-04-06 21:13:49,665] {scheduler_job.py:182} INFO - Started process (PID=36) to work on /opt/airflow/dags/classic.py
[2021-04-06 21:13:49,685] {scheduler_job.py:633} INFO - Processing file /opt/airflow/dags/classic.py for tasks to queue
[2021-04-06 21:13:49,693] {logging_mixin.py:104} INFO - [2021-04-06 21:13:49,692] {dagbag.py:451} INFO - Filling up the DagBag from /opt/airflow/dags/classic.py
[2021-04-06 21:13:52,330] {scheduler_job.py:643} INFO - DAG(s) dict_keys(['classic_dag']) retrieved from /opt/airflow/dags/classic.py
[2021-04-06 21:13:53,152] {logging_mixin.py:104} INFO - [2021-04-06 21:13:53,152] {dag.py:1824} INFO - Sync 1 DAGs
[2021-04-06 21:13:53,565] {logging_mixin.py:104} INFO - [2021-04-06 21:13:53,565] {dag.py:2279} INFO - Setting next_dagrun for classic_dag to 2021-04-05 00:00:00+00:00
[2021-04-06 21:13:53,619] {scheduler_job.py:190} INFO - Processing /opt/airflow/dags/classic.py took 4.011 seconds
[2021-04-06 21:14:49,911] {scheduler_job.py:182} INFO - Started process (PID=90) to work on /opt/airflow/dags/classic.py
[2021-04-06 21:14:49,932] {scheduler_job.py:633} INFO - Processing file /opt/airflow/dags/classic.py for tasks to queue
[2021-04-06 21:14:49,936] {logging_mixin.py:104} INFO - [2021-04-06 21:14:49,936] {dagbag.py:451} INFO - Filling up the DagBag from /opt/airflow/dags/classic.py
[2021-04-06 21:14:50,629] {scheduler_job.py:643} INFO - DAG(s) dict_keys(['classic_dag']) retrieved from /opt/airflow/dags/classic.py
[2021-04-06 21:14:52,566] {logging_mixin.py:104} INFO - [2021-04-06 21:14:52,566] {dag.py:1824} INFO - Sync 1 DAGs
[2021-04-06 21:14:53,667] {logging_mixin.py:104} INFO - [2021-04-06 21:14:53,666] {dag.py:2279} INFO - Setting next_dagrun for classic_dag to 2021-04-05 00:00:00+00:00
[2021-04-06 21:14:54,343] {scheduler_job.py:190} INFO - Processing /opt/airflow/dags/classic.py took 4.612 seconds
[2021-04-06 21:16:09,663] {scheduler_job.py:182} INFO - Started process (PID=110) to work on /opt/airflow/dags/classic.py
[2021-04-06 21:16:09,693] {scheduler_job.py:633} INFO - Processing file /opt/airflow/dags/classic.py for tasks to queue
[2021-04-06 21:16:09,732] {logging_mixin.py:104} INFO - [2021-04-06 21:16:09,732] {dagbag.py:451} INFO - Filling up the DagBag from /opt/airflow/dags/classic.py
[2021-04-06 21:16:10,868] {scheduler_job.py:643} INFO - DAG(s) dict_keys(['classic_dag']) retrieved from /opt/airflow/dags/classic.py
[2021-04-06 21:16:14,442] {logging_mixin.py:104} INFO - [2021-04-06 21:16:14,441] {dag.py:1824} INFO - Sync 1 DAGs
[2021-04-06 21:16:47,207] {logging_mixin.py:104} INFO - [2021-04-06 21:16:46,336] {dag.py:2279} INFO - Setting next_dagrun for classic_dag to 2021-04-05 00:00:00+00:00
[2021-04-06 21:16:48,534] {scheduler_job.py:190} INFO - Processing /opt/airflow/dags/classic.py took 39.065 seconds
[2021-04-06 21:23:56,274] {scheduler_job.py:182} INFO - Started process (PID=34) to work on /opt/airflow/dags/classic.py
[2021-04-06 21:23:56,590] {scheduler_job.py:633} INFO - Processing file /opt/airflow/dags/classic.py for tasks to queue
[2021-04-06 21:23:57,026] {logging_mixin.py:104} INFO - [2021-04-06 21:23:56,888] {dagbag.py:451} INFO - Filling up the DagBag from /opt/airflow/dags/classic.py
[2021-04-06 21:24:05,941] {scheduler_job.py:643} INFO - DAG(s) dict_keys(['classic_dag']) retrieved from /opt/airflow/dags/classic.py
[2021-04-06 21:24:09,403] {logging_mixin.py:104} INFO - [2021-04-06 21:24:09,400] {dag.py:1824} INFO - Sync 1 DAGs
[2021-04-06 21:24:11,950] {logging_mixin.py:104} INFO - [2021-04-06 21:24:11,948] {dag.py:2279} INFO - Setting next_dagrun for classic_dag to 2021-04-05 00:00:00+00:00
[2021-04-06 21:24:14,376] {scheduler_job.py:190} INFO - Processing /opt/airflow/dags/classic.py took 23.454 seconds
[2021-04-06 21:25:47,032] {scheduler_job.py:182} INFO - Started process (PID=50) to work on /opt/airflow/dags/classic.py
[2021-04-06 21:25:47,079] {scheduler_job.py:633} INFO - Processing file /opt/airflow/dags/classic.py for tasks to queue
[2021-04-06 21:25:47,081] {logging_mixin.py:104} INFO - [2021-04-06 21:25:47,081] {dagbag.py:451} INFO - Filling up the DagBag from /opt/airflow/dags/classic.py
[2021-04-06 21:25:48,177] {scheduler_job.py:643} INFO - DAG(s) dict_keys(['classic_dag']) retrieved from /opt/airflow/dags/classic.py
[2021-04-06 21:25:50,799] {logging_mixin.py:104} INFO - [2021-04-06 21:25:50,798] {dag.py:1824} INFO - Sync 1 DAGs
[2021-04-06 21:25:52,256] {logging_mixin.py:104} INFO - [2021-04-06 21:25:52,255] {dag.py:2279} INFO - Setting next_dagrun for classic_dag to 2021-04-05 00:00:00+00:00
[2021-04-06 21:25:52,502] {scheduler_job.py:190} INFO - Processing /opt/airflow/dags/classic.py took 5.728 seconds
